{"/Users/keren.liu/Reviews--API/server/app.js": {"path":"/Users/keren.liu/Reviews--API/server/app.js","statementMap":{"0":{"start":{"line":1,"column":16},"end":{"line":1,"column":34}},"1":{"start":{"line":2,"column":17},"end":{"line":2,"column":36}},"2":{"start":{"line":3,"column":48},"end":{"line":3,"column":66}},"3":{"start":{"line":4,"column":12},"end":{"line":4,"column":21}},"4":{"start":{"line":7,"column":0},"end":{"line":7,"column":24}},"5":{"start":{"line":10,"column":0},"end":{"line":10,"column":48}},"6":{"start":{"line":13,"column":0},"end":{"line":20,"column":3}},"7":{"start":{"line":14,"column":25},"end":{"line":14,"column":34}},"8":{"start":{"line":15,"column":2},"end":{"line":19,"column":36}},"9":{"start":{"line":17,"column":6},"end":{"line":17,"column":28}},"10":{"start":{"line":19,"column":18},"end":{"line":19,"column":34}},"11":{"start":{"line":22,"column":0},"end":{"line":32,"column":3}},"12":{"start":{"line":23,"column":25},"end":{"line":23,"column":34}},"13":{"start":{"line":24,"column":2},"end":{"line":24,"column":60}},"14":{"start":{"line":25,"column":2},"end":{"line":25,"column":69}},"15":{"start":{"line":26,"column":2},"end":{"line":31,"column":36}},"16":{"start":{"line":28,"column":6},"end":{"line":28,"column":66}},"17":{"start":{"line":29,"column":6},"end":{"line":29,"column":28}},"18":{"start":{"line":31,"column":18},"end":{"line":31,"column":34}},"19":{"start":{"line":47,"column":0},"end":{"line":47,"column":21}}},"fnMap":{"0":{"name":"(anonymous_0)","decl":{"start":{"line":13,"column":20},"end":{"line":13,"column":21}},"loc":{"start":{"line":13,"column":34},"end":{"line":20,"column":1}},"line":13},"1":{"name":"(anonymous_1)","decl":{"start":{"line":16,"column":10},"end":{"line":16,"column":11}},"loc":{"start":{"line":16,"column":24},"end":{"line":18,"column":5}},"line":16},"2":{"name":"(anonymous_2)","decl":{"start":{"line":19,"column":11},"end":{"line":19,"column":12}},"loc":{"start":{"line":19,"column":18},"end":{"line":19,"column":34}},"line":19},"3":{"name":"(anonymous_3)","decl":{"start":{"line":22,"column":25},"end":{"line":22,"column":26}},"loc":{"start":{"line":22,"column":39},"end":{"line":32,"column":1}},"line":22},"4":{"name":"(anonymous_4)","decl":{"start":{"line":27,"column":10},"end":{"line":27,"column":11}},"loc":{"start":{"line":27,"column":24},"end":{"line":30,"column":5}},"line":27},"5":{"name":"(anonymous_5)","decl":{"start":{"line":31,"column":11},"end":{"line":31,"column":12}},"loc":{"start":{"line":31,"column":18},"end":{"line":31,"column":34}},"line":31}},"branchMap":{},"s":{"0":1,"1":1,"2":1,"3":1,"4":1,"5":1,"6":1,"7":1,"8":1,"9":1,"10":0,"11":1,"12":1,"13":1,"14":1,"15":1,"16":1,"17":1,"18":0,"19":1},"f":{"0":1,"1":1,"2":0,"3":1,"4":1,"5":0},"b":{},"_coverageSchema":"1a1c01bbd47fc00a2c39e90264f33305004495a9","hash":"4e80cc5d4053e32c75999e3760fd5dd9da616df7"}
,"/Users/keren.liu/Reviews--API/server/db.js": {"path":"/Users/keren.liu/Reviews--API/server/db.js","statementMap":{"0":{"start":{"line":1,"column":17},"end":{"line":1,"column":36}},"1":{"start":{"line":3,"column":0},"end":{"line":3,"column":34}},"2":{"start":{"line":4,"column":0},"end":{"line":12,"column":34}},"3":{"start":{"line":10,"column":4},"end":{"line":10,"column":40}},"4":{"start":{"line":12,"column":16},"end":{"line":12,"column":32}},"5":{"start":{"line":15,"column":21},"end":{"line":18,"column":2}},"6":{"start":{"line":20,"column":22},"end":{"line":31,"column":2}},"7":{"start":{"line":33,"column":22},"end":{"line":36,"column":2}},"8":{"start":{"line":39,"column":13},"end":{"line":39,"column":66}},"9":{"start":{"line":41,"column":17},"end":{"line":43,"column":1}},"10":{"start":{"line":42,"column":2},"end":{"line":42,"column":97}},"11":{"start":{"line":64,"column":22},"end":{"line":70,"column":2}},"12":{"start":{"line":72,"column":26},"end":{"line":75,"column":2}},"13":{"start":{"line":77,"column":30},"end":{"line":102,"column":2}},"14":{"start":{"line":104,"column":19},"end":{"line":109,"column":2}},"15":{"start":{"line":111,"column":11},"end":{"line":111,"column":57}},"16":{"start":{"line":113,"column":18},"end":{"line":115,"column":1}},"17":{"start":{"line":114,"column":2},"end":{"line":114,"column":45}},"18":{"start":{"line":117,"column":0},"end":{"line":120,"column":2}}},"fnMap":{"0":{"name":"(anonymous_0)","decl":{"start":{"line":9,"column":8},"end":{"line":9,"column":9}},"loc":{"start":{"line":9,"column":13},"end":{"line":11,"column":3}},"line":9},"1":{"name":"(anonymous_1)","decl":{"start":{"line":12,"column":9},"end":{"line":12,"column":10}},"loc":{"start":{"line":12,"column":16},"end":{"line":12,"column":32}},"line":12},"2":{"name":"(anonymous_2)","decl":{"start":{"line":41,"column":17},"end":{"line":41,"column":18}},"loc":{"start":{"line":41,"column":33},"end":{"line":43,"column":1}},"line":41},"3":{"name":"(anonymous_3)","decl":{"start":{"line":113,"column":18},"end":{"line":113,"column":19}},"loc":{"start":{"line":113,"column":34},"end":{"line":115,"column":1}},"line":113}},"branchMap":{},"s":{"0":1,"1":1,"2":1,"3":1,"4":0,"5":1,"6":1,"7":1,"8":1,"9":1,"10":1,"11":1,"12":1,"13":1,"14":1,"15":1,"16":1,"17":1,"18":1},"f":{"0":1,"1":0,"2":1,"3":1},"b":{},"_coverageSchema":"1a1c01bbd47fc00a2c39e90264f33305004495a9","hash":"c453d1380407af4b8bd285fe3630b948050ebfd0"}
}
