{"/Users/keren.liu/Reviews--API/server/db.js": {"path":"/Users/keren.liu/Reviews--API/server/db.js","statementMap":{"0":{"start":{"line":1,"column":17},"end":{"line":1,"column":36}},"1":{"start":{"line":3,"column":20},"end":{"line":3,"column":49}},"2":{"start":{"line":4,"column":14},"end":{"line":4,"column":44}},"3":{"start":{"line":6,"column":0},"end":{"line":6,"column":34}},"4":{"start":{"line":7,"column":0},"end":{"line":15,"column":34}},"5":{"start":{"line":13,"column":4},"end":{"line":13,"column":40}},"6":{"start":{"line":15,"column":16},"end":{"line":15,"column":32}},"7":{"start":{"line":19,"column":0},"end":{"line":21,"column":3}},"8":{"start":{"line":20,"column":2},"end":{"line":20,"column":36}},"9":{"start":{"line":24,"column":21},"end":{"line":27,"column":2}},"10":{"start":{"line":29,"column":22},"end":{"line":40,"column":2}},"11":{"start":{"line":42,"column":22},"end":{"line":45,"column":2}},"12":{"start":{"line":48,"column":13},"end":{"line":48,"column":66}},"13":{"start":{"line":50,"column":17},"end":{"line":52,"column":1}},"14":{"start":{"line":51,"column":2},"end":{"line":51,"column":97}},"15":{"start":{"line":73,"column":22},"end":{"line":79,"column":2}},"16":{"start":{"line":81,"column":26},"end":{"line":84,"column":2}},"17":{"start":{"line":86,"column":30},"end":{"line":111,"column":2}},"18":{"start":{"line":113,"column":19},"end":{"line":118,"column":2}},"19":{"start":{"line":120,"column":11},"end":{"line":120,"column":57}},"20":{"start":{"line":122,"column":18},"end":{"line":124,"column":1}},"21":{"start":{"line":123,"column":2},"end":{"line":123,"column":45}},"22":{"start":{"line":126,"column":0},"end":{"line":129,"column":2}}},"fnMap":{"0":{"name":"(anonymous_0)","decl":{"start":{"line":12,"column":8},"end":{"line":12,"column":9}},"loc":{"start":{"line":12,"column":13},"end":{"line":14,"column":3}},"line":12},"1":{"name":"(anonymous_1)","decl":{"start":{"line":15,"column":9},"end":{"line":15,"column":10}},"loc":{"start":{"line":15,"column":16},"end":{"line":15,"column":32}},"line":15},"2":{"name":"(anonymous_2)","decl":{"start":{"line":19,"column":20},"end":{"line":19,"column":21}},"loc":{"start":{"line":19,"column":26},"end":{"line":21,"column":1}},"line":19},"3":{"name":"(anonymous_3)","decl":{"start":{"line":50,"column":17},"end":{"line":50,"column":18}},"loc":{"start":{"line":50,"column":33},"end":{"line":52,"column":1}},"line":50},"4":{"name":"(anonymous_4)","decl":{"start":{"line":122,"column":18},"end":{"line":122,"column":19}},"loc":{"start":{"line":122,"column":34},"end":{"line":124,"column":1}},"line":122}},"branchMap":{},"s":{"0":1,"1":1,"2":1,"3":1,"4":1,"5":1,"6":0,"7":1,"8":0,"9":1,"10":1,"11":1,"12":1,"13":1,"14":1,"15":1,"16":1,"17":1,"18":1,"19":1,"20":1,"21":1,"22":1},"f":{"0":1,"1":0,"2":0,"3":1,"4":1},"b":{},"_coverageSchema":"1a1c01bbd47fc00a2c39e90264f33305004495a9","hash":"a60f55be69e3c2560d34978071f4c1995dcb5fc1"}
}
