TN:
SF:server/app.js
FN:13,(anonymous_0)
FN:16,(anonymous_1)
FN:19,(anonymous_2)
FN:22,(anonymous_3)
FN:27,(anonymous_4)
FN:31,(anonymous_5)
FNF:6
FNH:4
FNDA:1,(anonymous_0)
FNDA:1,(anonymous_1)
FNDA:0,(anonymous_2)
FNDA:1,(anonymous_3)
FNDA:1,(anonymous_4)
FNDA:0,(anonymous_5)
DA:1,1
DA:2,1
DA:3,1
DA:4,1
DA:7,1
DA:10,1
DA:13,1
DA:14,1
DA:15,1
DA:17,1
DA:19,0
DA:22,1
DA:23,1
DA:24,1
DA:25,1
DA:26,1
DA:28,1
DA:29,1
DA:31,0
DA:47,1
LF:20
LH:18
BRF:0
BRH:0
end_of_record
TN:
SF:server/db.js
FN:9,(anonymous_0)
FN:12,(anonymous_1)
FN:41,(anonymous_2)
FN:113,(anonymous_3)
FNF:4
FNH:3
FNDA:1,(anonymous_0)
FNDA:0,(anonymous_1)
FNDA:1,(anonymous_2)
FNDA:1,(anonymous_3)
DA:1,1
DA:3,1
DA:4,1
DA:10,1
DA:12,0
DA:15,1
DA:20,1
DA:33,1
DA:39,1
DA:41,1
DA:42,1
DA:64,1
DA:72,1
DA:77,1
DA:104,1
DA:111,1
DA:113,1
DA:114,1
DA:117,1
LF:19
LH:18
BRF:0
BRH:0
end_of_record
